0 info it worked if it ends with ok
1 verbose cli [ '/usr/bin/node', '/usr/bin/npm', 'install', 'gitignore', '-g' ]
2 info using npm@3.5.2
3 info using node@v6.11.4
4 silly loadCurrentTree Starting
5 silly install loadCurrentTree
6 silly install readGlobalPackageData
7 silly fetchPackageMetaData gitignore
8 silly fetchNamedPackageData gitignore
9 silly mapToRegistry name gitignore
10 silly mapToRegistry using default registry
11 silly mapToRegistry registry https://registry.npmjs.org/
12 silly mapToRegistry uri https://registry.npmjs.org/gitignore
13 verbose get https://registry.npmjs.org/gitignore not expired, no request
14 silly install normalizeTree
15 silly loadCurrentTree Finishing
16 silly loadIdealTree Starting
17 silly install loadIdealTree
18 silly cloneCurrentTree Starting
19 silly install cloneCurrentTreeToIdealTree
20 silly cloneCurrentTree Finishing
21 silly loadShrinkwrap Starting
22 silly install loadShrinkwrap
23 silly loadShrinkwrap Finishing
24 silly loadAllDepsIntoIdealTree Starting
25 silly install loadAllDepsIntoIdealTree
26 silly resolveWithNewModule gitignore@0.6.0 checking installable status
27 silly cache add args [ 'gitignore', null ]
28 verbose cache add spec gitignore
29 silly cache add parsed spec Result {
29 silly cache add   raw: 'gitignore',
29 silly cache add   scope: null,
29 silly cache add   name: 'gitignore',
29 silly cache add   rawSpec: '',
29 silly cache add   spec: 'latest',
29 silly cache add   type: 'tag' }
30 silly addNamed gitignore@latest
31 verbose addNamed "latest" is being treated as a dist-tag for gitignore
32 info addNameTag [ 'gitignore', 'latest' ]
33 silly mapToRegistry name gitignore
34 silly mapToRegistry using default registry
35 silly mapToRegistry registry https://registry.npmjs.org/
36 silly mapToRegistry uri https://registry.npmjs.org/gitignore
37 verbose addNameTag registry:https://registry.npmjs.org/gitignore not in flight; fetching
38 verbose get https://registry.npmjs.org/gitignore not expired, no request
39 silly addNameTag next cb for gitignore with tag latest
40 silly addNamed gitignore@0.6.0
41 verbose addNamed "0.6.0" is a plain semver version for gitignore
42 silly cache afterAdd gitignore@0.6.0
43 verbose afterAdd /home/jovan/.npm/gitignore/0.6.0/package/package.json not in flight; writing
44 verbose afterAdd /home/jovan/.npm/gitignore/0.6.0/package/package.json written
45 silly loadAllDepsIntoIdealTree Finishing
46 silly idealTree:prePrune lib
46 silly idealTree:prePrune └── gitignore@0.6.0
47 silly loadIdealTree Finishing
48 silly currentTree lib
49 silly idealTree lib
49 silly idealTree └── gitignore@0.6.0
50 silly generateActionsToTake Starting
51 silly install generateActionsToTake
52 warn checkPermissions Missing write access to /usr/local/lib
53 silly rollbackFailedOptional Starting
54 silly rollbackFailedOptional Finishing
55 silly runTopLevelLifecycles Starting
56 silly runTopLevelLifecycles Finishing
57 silly install printInstalled
58 verbose stack Error: EACCES: permission denied, access '/usr/local/lib'
58 verbose stack     at Error (native)
59 verbose cwd /home/jovan/code/aoit-wbl
60 error Linux 4.13.0-19-generic
61 error argv "/usr/bin/node" "/usr/bin/npm" "install" "gitignore" "-g"
62 error node v6.11.4
63 error npm  v3.5.2
64 error path /usr/local/lib
65 error code EACCES
66 error errno -13
67 error syscall access
68 error Error: EACCES: permission denied, access '/usr/local/lib'
68 error     at Error (native)
68 error  { Error: EACCES: permission denied, access '/usr/local/lib'
68 error     at Error (native)
68 error   errno: -13,
68 error   code: 'EACCES',
68 error   syscall: 'access',
68 error   path: '/usr/local/lib' }
69 error Please try running this command again as root/Administrator.
70 verbose exit [ -13, true ]
